TN:
SF:script/DeployRaffle.s.sol
DA:11,0
FN:11,DeployRaffle.run
FNDA:0,DeployRaffle.run
DA:12,0
DA:15,14
FN:15,DeployRaffle.deployContract
FNDA:14,DeployRaffle.deployContract
DA:16,14
DA:17,14
DA:19,14
BRDA:19,0,0,14
DA:21,14
DA:22,14
DA:25,14
DA:26,14
DA:35,14
DA:36,14
DA:44,14
DA:46,14
DA:47,14
DA:49,14
FNF:2
FNH:1
LF:16
LH:14
BRF:1
BRH:1
end_of_record
TN:
SF:script/HelperConfig.s.sol
DA:38,14
FN:38,HelperConfig.constructor
FNDA:14,HelperConfig.constructor
DA:39,14
DA:42,0
FN:42,HelperConfig.getConfigByChainId
FNDA:0,HelperConfig.getConfigByChainId
DA:44,28
BRDA:44,0,0,-
BRDA:44,0,1,-
DA:45,0
DA:46,28
BRDA:46,1,0,28
BRDA:46,1,1,-
DA:47,28
DA:49,0
DA:53,28
FN:53,HelperConfig.getConfig
FNDA:28,HelperConfig.getConfig
DA:54,28
DA:57,14
FN:57,HelperConfig.getSepoliaConfig
FNDA:14,HelperConfig.getSepoliaConfig
DA:58,14
DA:70,0
FN:70,HelperConfig.getOrCreateAnvilETHConfig
FNDA:0,HelperConfig.getOrCreateAnvilETHConfig
DA:71,28
BRDA:71,2,0,14
DA:72,14
DA:76,14
DA:77,14
DA:82,14
DA:83,14
DA:85,14
DA:96,14
FNF:5
FNH:3
LF:21
LH:17
BRF:5
BRH:2
end_of_record
TN:
SF:script/Interactions.s.sol
DA:12,0
FN:12,CreateSubscription.createSubscriptionUsingConfig
FNDA:0,CreateSubscription.createSubscriptionUsingConfig
DA:13,0
DA:14,0
DA:15,0
DA:16,0
DA:17,0
DA:20,14
FN:20,CreateSubscription.createSubscription
FNDA:14,CreateSubscription.createSubscription
DA:21,14
DA:22,14
DA:23,14
DA:24,14
DA:26,14
DA:27,14
DA:28,14
DA:31,0
FN:31,CreateSubscription.run.0
FNDA:0,CreateSubscription.run.0
DA:32,0
DA:39,0
FN:39,FundSubcription.fundSubscriptionUsingConfig
FNDA:0,FundSubcription.fundSubscriptionUsingConfig
DA:40,0
DA:41,0
DA:42,0
DA:43,0
DA:44,0
DA:45,0
DA:48,14
FN:48,FundSubcription.fundSubscription
FNDA:14,FundSubcription.fundSubscription
DA:50,14
DA:51,14
DA:52,14
DA:54,14
BRDA:54,0,0,14
BRDA:54,0,1,-
DA:55,14
DA:56,14
DA:59,14
DA:61,0
DA:62,0
DA:67,0
DA:71,0
FN:71,FundSubcription.run.1
FNDA:0,FundSubcription.run.1
DA:72,0
DA:78,0
FN:78,AddConsumer.addConsumerUsingConfig
FNDA:0,AddConsumer.addConsumerUsingConfig
DA:79,0
DA:80,0
DA:81,0
DA:82,0
DA:83,0
DA:86,14
FN:86,AddConsumer.addConsumer
FNDA:14,AddConsumer.addConsumer
DA:87,14
DA:88,14
DA:89,14
DA:90,14
DA:91,14
DA:92,14
DA:95,0
FN:95,AddConsumer.run.2
FNDA:0,AddConsumer.run.2
DA:96,0
DA:100,0
FNF:9
FNH:3
LF:52
LH:23
BRF:2
BRH:1
end_of_record
TN:
SF:src/Raffle.sol
DA:70,14
FN:70,Raffle.constructor
FNDA:14,Raffle.constructor
DA:78,14
DA:79,14
DA:80,14
DA:81,14
DA:82,14
DA:84,14
DA:85,14
DA:88,271
FN:88,Raffle.enterRaffle
FNDA:271,Raffle.enterRaffle
DA:90,271
BRDA:90,0,0,1
DA:91,1
DA:93,270
BRDA:93,1,0,1
DA:94,1
DA:96,269
DA:97,269
DA:112,4
FN:112,Raffle.checkUpkeep
FNDA:4,Raffle.checkUpkeep
DA:115,10
DA:116,10
DA:117,10
DA:118,10
DA:119,10
DA:120,10
DA:126,6
FN:126,Raffle.performUpkeep
FNDA:6,Raffle.performUpkeep
DA:128,6
DA:129,6
DA:130,1
BRDA:130,2,0,1
DA:132,5
DA:133,5
DA:141,5
DA:143,5
DA:147,1
FN:147,Raffle.fulfillRandomWords
FNDA:1,Raffle.fulfillRandomWords
DA:151,1
DA:152,1
DA:153,1
DA:155,1
DA:156,1
DA:157,1
DA:160,1
DA:161,1
BRDA:161,3,0,-
DA:162,0
DA:164,1
DA:168,0
FN:168,Raffle.getEntranceFee
FNDA:0,Raffle.getEntranceFee
DA:169,0
DA:172,4
FN:172,Raffle.getRaffleState
FNDA:4,Raffle.getRaffleState
DA:173,4
DA:176,1
FN:176,Raffle.getPlayer
FNDA:1,Raffle.getPlayer
DA:177,1
DA:180,2
FN:180,Raffle.getLastTimeStamp
FNDA:2,Raffle.getLastTimeStamp
DA:181,2
DA:184,1
FN:184,Raffle.getRecentWinner
FNDA:1,Raffle.getRecentWinner
DA:185,1
FNF:10
FNH:9
LF:51
LH:48
BRF:4
BRH:3
end_of_record
TN:
SF:test/mocks/LinkToken.sol
DA:15,14
FN:15,LinkToken.constructor
FNDA:14,LinkToken.constructor
DA:16,14
DA:19,0
FN:19,LinkToken.mint
FNDA:0,LinkToken.mint
DA:20,0
DA:31,0
FN:31,LinkToken.transferAndCall
FNDA:0,LinkToken.transferAndCall
DA:32,0
DA:34,0
DA:35,0
BRDA:35,0,0,-
DA:36,0
DA:38,0
DA:43,0
FN:43,LinkToken.contractFallback
FNDA:0,LinkToken.contractFallback
DA:44,0
DA:45,0
DA:48,0
FN:48,LinkToken.isContract
FNDA:0,LinkToken.isContract
DA:49,0
DA:51,0
DA:53,0
FNF:5
FNH:1
LF:17
LH:2
BRF:1
BRH:0
end_of_record
